#
# There is insufficient memory for the Java Runtime Environment to continue.
# Native memory allocation (mmap) failed to map 65536 bytes for Failed to commit metaspace.
# Possible reasons:
#   The system is out of physical RAM or swap space
#   The process is running with CompressedOops enabled, and the Java Heap may be blocking the growth of the native heap
# Possible solutions:
#   Reduce memory load on the system
#   Increase physical memory or swap space
#   Check if swap backing store is full
#   Decrease Java heap size (-Xmx/-Xms)
#   Decrease number of Java threads
#   Decrease Java thread stack sizes (-Xss)
#   Set larger code cache with -XX:ReservedCodeCacheSize=
#   JVM is running with Zero Based Compressed Oops mode in which the Java heap is
#     placed in the first 32GB address space. The Java Heap base address is the
#     maximum limit for the native heap growth. Please use -XX:HeapBaseMinAddress
#     to set the Java Heap base and to place the Java Heap above 32GB virtual address.
# This output file may be truncated or incomplete.
#
#  Out of Memory Error (virtualSpaceNode.cpp:110), pid=9676, tid=10064
#
# JRE version: Java(TM) SE Runtime Environment (17.0.9+11) (build 17.0.9+11-LTS-201)
# Java VM: Java HotSpot(TM) 64-Bit Server VM (17.0.9+11-LTS-201, mixed mode, tiered, compressed oops, compressed class ptrs, g1 gc, windows-amd64)
# No core dump will be written. Minidumps are not enabled by default on client versions of Windows
#

---------------  S U M M A R Y ------------

Command Line: -Dmaven.multiModuleProjectDirectory=C:\Users\sarap\Desktop\api-rest org.apache.maven.wrapper.MavenWrapperMain clean package -DskipTests

Host: Intel(R) Core(TM) i5-6400 CPU @ 2.70GHz, 4 cores, 15G,  Windows 10 , 64 bit Build 19041 (10.0.19041.3636)
Time: Wed Dec 27 02:26:01 2023 Hora estándar de Argentina elapsed time: 0.442595 seconds (0d 0h 0m 0s)

---------------  T H R E A D  ---------------

Current thread (0x000002424d330e00):  JavaThread "main" [_thread_in_vm, id=10064, stack(0x0000005da8200000,0x0000005da8300000)]

Stack: [0x0000005da8200000,0x0000005da8300000]
Native frames: (J=compiled Java code, j=interpreted, Vv=VM code, C=native code)
V  [jvm.dll+0x678a4a]
V  [jvm.dll+0x7d9cfd]
V  [jvm.dll+0x7db60e]
V  [jvm.dll+0x7dbc73]
V  [jvm.dll+0x245e1f]
V  [jvm.dll+0x7d5a0b]
V  [jvm.dll+0x61ebc6]
V  [jvm.dll+0x1c01f7]
V  [jvm.dll+0x621530]
V  [jvm.dll+0x61f586]
V  [jvm.dll+0x23b826]
V  [jvm.dll+0x1ea6f7]
V  [jvm.dll+0x1e0391]
V  [jvm.dll+0x53eaec]
V  [jvm.dll+0x7546bd]
V  [jvm.dll+0x75461a]
V  [jvm.dll+0x40cdf3]
V  [jvm.dll+0x42041c]
C  [java.dll+0x1657]

Java frames: (J=compiled Java code, j=interpreted, Vv=VM code)
j  java.lang.ClassLoader.defineClass0(Ljava/lang/ClassLoader;Ljava/lang/Class;Ljava/lang/String;[BIILjava/security/ProtectionDomain;ZILjava/lang/Object;)Ljava/lang/Class;+0 java.base@17.0.9
j  java.lang.System$2.defineClass(Ljava/lang/ClassLoader;Ljava/lang/Class;Ljava/lang/String;[BLjava/security/ProtectionDomain;ZILjava/lang/Object;)Ljava/lang/Class;+17 java.base@17.0.9
j  java.lang.invoke.MethodHandles$Lookup$ClassDefiner.defineClass(ZLjava/lang/Object;)Ljava/lang/Class;+54 java.base@17.0.9
j  java.lang.invoke.InvokerBytecodeGenerator.loadMethod([B)Ljava/lang/invoke/MemberName;+16 java.base@17.0.9
j  java.lang.invoke.InvokerBytecodeGenerator.generateCustomizedCode(Ljava/lang/invoke/LambdaForm;Ljava/lang/invoke/MethodType;)Ljava/lang/invoke/MemberName;+30 java.base@17.0.9
j  java.lang.invoke.LambdaForm.compileToBytecode()V+69 java.base@17.0.9
j  java.lang.invoke.DirectMethodHandle.makePreparedLambdaForm(Ljava/lang/invoke/MethodType;I)Ljava/lang/invoke/LambdaForm;+792 java.base@17.0.9
j  java.lang.invoke.DirectMethodHandle.preparedLambdaForm(Ljava/lang/invoke/MethodType;I)Ljava/lang/invoke/LambdaForm;+17 java.base@17.0.9
j  java.lang.invoke.DirectMethodHandle.preparedLambdaForm(Ljava/lang/invoke/MemberName;Z)Ljava/lang/invoke/LambdaForm;+159 java.base@17.0.9
j  java.lang.invoke.DirectMethodHandle.preparedLambdaForm(Ljava/lang/invoke/MemberName;)Ljava/lang/invoke/LambdaForm;+2 java.base@17.0.9
j  java.lang.invoke.DirectMethodHandle.make(BLjava/lang/Class;Ljava/lang/invoke/MemberName;Ljava/lang/Class;)Ljava/lang/invoke/DirectMethodHandle;+163 java.base@17.0.9
j  java.lang.invoke.MethodHandles$Lookup.getDirectMethodCommon(BLjava/lang/Class;Ljava/lang/invoke/MemberName;ZZLjava/lang/invoke/MethodHandles$Lookup;)Ljava/lang/invoke/MethodHandle;+210 java.base@17.0.9
j  java.lang.invoke.MethodHandles$Lookup.getDirectMethodNoSecurityManager(BLjava/lang/Class;Ljava/lang/invoke/MemberName;Ljava/lang/invoke/MethodHandles$Lookup;)Ljava/lang/invoke/MethodHandle;+14 java.base@17.0.9
j  java.lang.invoke.MethodHandles$Lookup.getDirectMethodForConstant(BLjava/lang/Class;Ljava/lang/invoke/MemberName;)Ljava/lang/invoke/MethodHandle;+31 java.base@17.0.9
j  java.lang.invoke.MethodHandles$Lookup.linkMethodHandleConstant(BLjava/lang/Class;Ljava/lang/String;Ljava/lang/Object;)Ljava/lang/invoke/MethodHandle;+153 java.base@17.0.9
j  java.lang.invoke.MethodHandleNatives.linkMethodHandleConstant(Ljava/lang/Class;ILjava/lang/Class;Ljava/lang/String;Ljava/lang/Object;)Ljava/lang/invoke/MethodHandle;+38 java.base@17.0.9
v  ~StubRoutines::call_stub
j  org.apache.maven.cli.MavenCli.populateProperties(Lorg/apache/maven/cli/CliRequest;Ljava/util/Properties;Ljava/util/Properties;)V+236
j  org.apache.maven.cli.MavenCli.properties(Lorg/apache/maven/cli/CliRequest;)V+9
j  org.apache.maven.cli.MavenCli.doMain(Lorg/apache/maven/cli/CliRequest;)I+14
j  org.apache.maven.cli.MavenCli.main([Ljava/lang/String;Lorg/codehaus/plexus/classworlds/ClassWorld;)I+24
v  ~StubRoutines::call_stub
j  jdk.internal.reflect.NativeMethodAccessorImpl.invoke0(Ljava/lang/reflect/Method;Ljava/lang/Object;[Ljava/lang/Object;)Ljava/lang/Object;+0 java.base@17.0.9
j  jdk.internal.reflect.NativeMethodAccessorImpl.invoke(Ljava/lang/Object;[Ljava/lang/Object;)Ljava/lang/Object;+133 java.base@17.0.9
j  jdk.internal.reflect.DelegatingMethodAccessorImpl.invoke(Ljava/lang/Object;[Ljava/lang/Object;)Ljava/lang/Object;+6 java.base@17.0.9
j  java.lang.reflect.Method.invoke(Ljava/lang/Object;[Ljava/lang/Object;)Ljava/lang/Object;+59 java.base@17.0.9
j  org.codehaus.plexus.classworlds.launcher.Launcher.launchEnhanced([Ljava/lang/String;)V+45
j  org.codehaus.plexus.classworlds.launcher.Launcher.launch([Ljava/lang/String;)V+2
j  org.codehaus.plexus.classworlds.launcher.Launcher.mainWithExitCode([Ljava/lang/String;)I+108
j  org.codehaus.plexus.classworlds.launcher.Launcher.main([Ljava/lang/String;)V+1
v  ~StubRoutines::call_stub
j  jdk.internal.reflect.NativeMethodAccessorImpl.invoke0(Ljava/lang/reflect/Method;Ljava/lang/Object;[Ljava/lang/Object;)Ljava/lang/Object;+0 java.base@17.0.9
j  jdk.internal.reflect.NativeMethodAccessorImpl.invoke(Ljava/lang/Object;[Ljava/lang/Object;)Ljava/lang/Object;+133 java.base@17.0.9
j  jdk.internal.reflect.DelegatingMethodAccessorImpl.invoke(Ljava/lang/Object;[Ljava/lang/Object;)Ljava/lang/Object;+6 java.base@17.0.9
j  java.lang.reflect.Method.invoke(Ljava/lang/Object;[Ljava/lang/Object;)Ljava/lang/Object;+59 java.base@17.0.9
j  org.apache.maven.wrapper.BootstrapMainStarter.start([Ljava/lang/String;Ljava/nio/file/Path;)V+124
j  org.apache.maven.wrapper.WrapperExecutor.execute([Ljava/lang/String;Lorg/apache/maven/wrapper/Installer;Lorg/apache/maven/wrapper/BootstrapMainStarter;)V+14
j  org.apache.maven.wrapper.MavenWrapperMain.main([Ljava/lang/String;)V+111
v  ~StubRoutines::call_stub

---------------  P R O C E S S  ---------------

Threads class SMR info:
_java_thread_list=0x00000242041f2120, length=12, elements={
0x000002424d330e00, 0x0000024204081260, 0x0000024204081ff0, 0x000002426f8ce230,
0x00000242040b7390, 0x00000242040bc190, 0x00000242040bca60, 0x00000242040adff0,
0x00000242040c66b0, 0x00000242040ca3f0, 0x0000024204229ea0, 0x000002420422a3b0
}

Java Threads: ( => current thread )
=>0x000002424d330e00 JavaThread "main" [_thread_in_vm, id=10064, stack(0x0000005da8200000,0x0000005da8300000)]
  0x0000024204081260 JavaThread "Reference Handler" daemon [_thread_blocked, id=16868, stack(0x0000005da8900000,0x0000005da8a00000)]
  0x0000024204081ff0 JavaThread "Finalizer" daemon [_thread_blocked, id=3480, stack(0x0000005da8a00000,0x0000005da8b00000)]
  0x000002426f8ce230 JavaThread "Signal Dispatcher" daemon [_thread_blocked, id=7772, stack(0x0000005da8b00000,0x0000005da8c00000)]
  0x00000242040b7390 JavaThread "Attach Listener" daemon [_thread_blocked, id=10580, stack(0x0000005da8c00000,0x0000005da8d00000)]
  0x00000242040bc190 JavaThread "Service Thread" daemon [_thread_blocked, id=1948, stack(0x0000005da8d00000,0x0000005da8e00000)]
  0x00000242040bca60 JavaThread "Monitor Deflation Thread" daemon [_thread_blocked, id=18592, stack(0x0000005da8e00000,0x0000005da8f00000)]
  0x00000242040adff0 JavaThread "C2 CompilerThread0" daemon [_thread_blocked, id=15064, stack(0x0000005da8f00000,0x0000005da9000000)]
  0x00000242040c66b0 JavaThread "C1 CompilerThread0" daemon [_thread_blocked, id=19076, stack(0x0000005da9000000,0x0000005da9100000)]
  0x00000242040ca3f0 JavaThread "Sweeper thread" daemon [_thread_blocked, id=6760, stack(0x0000005da9100000,0x0000005da9200000)]
  0x0000024204229ea0 JavaThread "Notification Thread" daemon [_thread_blocked, id=14920, stack(0x0000005da9200000,0x0000005da9300000)]
  0x000002420422a3b0 JavaThread "Common-Cleaner" daemon [_thread_blocked, id=19912, stack(0x0000005da9400000,0x0000005da9500000)]

Other Threads:
  0x000002426f89d040 VMThread "VM Thread" [stack: 0x0000005da8800000,0x0000005da8900000] [id=13852]
  0x000002420425ad40 WatcherThread [stack: 0x0000005da9300000,0x0000005da9400000] [id=15760]
  0x000002424d39ad50 GCTaskThread "GC Thread#0" [stack: 0x0000005da8300000,0x0000005da8400000] [id=7412]
  0x000002424d3abbf0 ConcurrentGCThread "G1 Main Marker" [stack: 0x0000005da8400000,0x0000005da8500000] [id=5248]
  0x000002424d3ad610 ConcurrentGCThread "G1 Conc#0" [stack: 0x0000005da8500000,0x0000005da8600000] [id=4840]
  0x000002424d40e500 ConcurrentGCThread "G1 Refine#0" [stack: 0x0000005da8600000,0x0000005da8700000] [id=15068]
  0x000002426f7344d0 ConcurrentGCThread "G1 Service" [stack: 0x0000005da8700000,0x0000005da8800000] [id=19540]

Threads with active compile tasks:

VM state: not at safepoint (normal execution)

VM Mutex/Monitor currently owned by a thread:  ([mutex/lock_event])
[0x000002424d32a9c0] Metaspace_lock - owner thread: 0x000002424d330e00

Heap address: 0x0000000700a00000, size: 4086 MB, Compressed Oops mode: Zero based, Oop shift amount: 3

CDS archive(s) not mapped
Compressed class space mapped at: 0x0000000800000000-0x0000000840000000, reserved size: 1073741824
Narrow klass base: 0x0000000800000000, Narrow klass shift: 0, Narrow klass range: 0x40000000

GC Precious Log:
 CPUs: 4 total, 4 available
 Memory: 16336M
 Large Page Support: Disabled
 NUMA Support: Disabled
 Compressed Oops: Enabled (Zero based)
 Heap Region Size: 2M
 Heap Min Capacity: 8M
 Heap Initial Capacity: 256M
 Heap Max Capacity: 4086M
 Pre-touch: Disabled
 Parallel Workers: 4
 Concurrent Workers: 1
 Concurrent Refinement Workers: 4
 Periodic GC: Disabled

Heap:
 garbage-first heap   total 262144K, used 4096K [0x0000000700a00000, 0x0000000800000000)
  region size 2048K, 3 young (6144K), 0 survivors (0K)
 Metaspace       used 7866K, committed 8000K, reserved 1114112K
  class space    used 691K, committed 768K, reserved 1048576K

Heap Regions: E=young(eden), S=young(survivor), O=old, HS=humongous(starts), HC=humongous(continues), CS=collection set, F=free, OA=open archive, CA=closed archive, TAMS=top-at-mark-start (previous, next)
|   0|0x0000000700a00000, 0x0000000700a00000, 0x0000000700c00000|  0%| F|  |TAMS 0x0000000700a00000, 0x0000000700a00000| Untracked 
|   1|0x0000000700c00000, 0x0000000700c00000, 0x0000000700e00000|  0%| F|  |TAMS 0x0000000700c00000, 0x0000000700c00000| Untracked 
|   2|0x0000000700e00000, 0x0000000700e00000, 0x0000000701000000|  0%| F|  |TAMS 0x0000000700e00000, 0x0000000700e00000| Untracked 
|   3|0x0000000701000000, 0x0000000701000000, 0x0000000701200000|  0%| F|  |TAMS 0x0000000701000000, 0x0000000701000000| Untracked 
|   4|0x0000000701200000, 0x0000000701200000, 0x0000000701400000|  0%| F|  |TAMS 0x0000000701200000, 0x0000000701200000| Untracked 
|   5|0x0000000701400000, 0x0000000701400000, 0x0000000701600000|  0%| F|  |TAMS 0x0000000701400000, 0x0000000701400000| Untracked 
|   6|0x0000000701600000, 0x0000000701600000, 0x0000000701800000|  0%| F|  |TAMS 0x0000000701600000, 0x0000000701600000| Untracked 
|   7|0x0000000701800000, 0x0000000701800000, 0x0000000701a00000|  0%| F|  |TAMS 0x0000000701800000, 0x0000000701800000| Untracked 
|   8|0x0000000701a00000, 0x0000000701a00000, 0x0000000701c00000|  0%| F|  |TAMS 0x0000000701a00000, 0x0000000701a00000| Untracked 
|   9|0x0000000701c00000, 0x0000000701c00000, 0x0000000701e00000|  0%| F|  |TAMS 0x0000000701c00000, 0x0000000701c00000| Untracked 
|  10|0x0000000701e00000, 0x0000000701e00000, 0x0000000702000000|  0%| F|  |TAMS 0x0000000701e00000, 0x0000000701e00000| Untracked 
|  11|0x0000000702000000, 0x0000000702000000, 0x0000000702200000|  0%| F|  |TAMS 0x0000000702000000, 0x0000000702000000| Untracked 
|  12|0x0000000702200000, 0x0000000702200000, 0x0000000702400000|  0%| F|  |TAMS 0x0000000702200000, 0x0000000702200000| Untracked 
|  13|0x0000000702400000, 0x0000000702400000, 0x0000000702600000|  0%| F|  |TAMS 0x0000000702400000, 0x0000000702400000| Untracked 
|  14|0x0000000702600000, 0x0000000702600000, 0x0000000702800000|  0%| F|  |TAMS 0x0000000702600000, 0x0000000702600000| Untracked 
|  15|0x0000000702800000, 0x0000000702800000, 0x0000000702a00000|  0%| F|  |TAMS 0x0000000702800000, 0x0000000702800000| Untracked 
|  16|0x0000000702a00000, 0x0000000702a00000, 0x0000000702c00000|  0%| F|  |TAMS 0x0000000702a00000, 0x0000000702a00000| Untracked 
|  17|0x0000000702c00000, 0x0000000702c00000, 0x0000000702e00000|  0%| F|  |TAMS 0x0000000702c00000, 0x0000000702c00000| Untracked 
|  18|0x0000000702e00000, 0x0000000702e00000, 0x0000000703000000|  0%| F|  |TAMS 0x0000000702e00000, 0x0000000702e00000| Untracked 
|  19|0x0000000703000000, 0x0000000703000000, 0x0000000703200000|  0%| F|  |TAMS 0x0000000703000000, 0x0000000703000000| Untracked 
|  20|0x0000000703200000, 0x0000000703200000, 0x0000000703400000|  0%| F|  |TAMS 0x0000000703200000, 0x0000000703200000| Untracked 
|  21|0x0000000703400000, 0x0000000703400000, 0x0000000703600000|  0%| F|  |TAMS 0x0000000703400000, 0x0000000703400000| Untracked 
|  22|0x0000000703600000, 0x0000000703600000, 0x0000000703800000|  0%| F|  |TAMS 0x0000000703600000, 0x0000000703600000| Untracked 
|  23|0x0000000703800000, 0x0000000703800000, 0x0000000703a00000|  0%| F|  |TAMS 0x0000000703800000, 0x0000000703800000| Untracked 
|  24|0x0000000703a00000, 0x0000000703a00000, 0x0000000703c00000|  0%| F|  |TAMS 0x0000000703a00000, 0x0000000703a00000| Untracked 
|  25|0x0000000703c00000, 0x0000000703c00000, 0x0000000703e00000|  0%| F|  |TAMS 0x0000000703c00000, 0x0000000703c00000| Untracked 
|  26|0x0000000703e00000, 0x0000000703e00000, 0x0000000704000000|  0%| F|  |TAMS 0x0000000703e00000, 0x0000000703e00000| Untracked 
|  27|0x0000000704000000, 0x0000000704000000, 0x0000000704200000|  0%| F|  |TAMS 0x0000000704000000, 0x0000000704000000| Untracked 
|  28|0x0000000704200000, 0x0000000704200000, 0x0000000704400000|  0%| F|  |TAMS 0x0000000704200000, 0x0000000704200000| Untracked 
|  29|0x0000000704400000, 0x0000000704400000, 0x0000000704600000|  0%| F|  |TAMS 0x0000000704400000, 0x0000000704400000| Untracked 
|  30|0x0000000704600000, 0x0000000704600000, 0x0000000704800000|  0%| F|  |TAMS 0x0000000704600000, 0x0000000704600000| Untracked 
|  31|0x0000000704800000, 0x0000000704800000, 0x0000000704a00000|  0%| F|  |TAMS 0x0000000704800000, 0x0000000704800000| Untracked 
|  32|0x0000000704a00000, 0x0000000704a00000, 0x0000000704c00000|  0%| F|  |TAMS 0x0000000704a00000, 0x0000000704a00000| Untracked 
|  33|0x0000000704c00000, 0x0000000704c00000, 0x0000000704e00000|  0%| F|  |TAMS 0x0000000704c00000, 0x0000000704c00000| Untracked 
|  34|0x0000000704e00000, 0x0000000704e00000, 0x0000000705000000|  0%| F|  |TAMS 0x0000000704e00000, 0x0000000704e00000| Untracked 
|  35|0x0000000705000000, 0x0000000705000000, 0x0000000705200000|  0%| F|  |TAMS 0x0000000705000000, 0x0000000705000000| Untracked 
|  36|0x0000000705200000, 0x0000000705200000, 0x0000000705400000|  0%| F|  |TAMS 0x0000000705200000, 0x0000000705200000| Untracked 
|  37|0x0000000705400000, 0x0000000705400000, 0x0000000705600000|  0%| F|  |TAMS 0x0000000705400000, 0x0000000705400000| Untracked 
|  38|0x0000000705600000, 0x0000000705600000, 0x0000000705800000|  0%| F|  |TAMS 0x0000000705600000, 0x0000000705600000| Untracked 
|  39|0x0000000705800000, 0x0000000705800000, 0x0000000705a00000|  0%| F|  |TAMS 0x0000000705800000, 0x0000000705800000| Untracked 
|  40|0x0000000705a00000, 0x0000000705a00000, 0x0000000705c00000|  0%| F|  |TAMS 0x0000000705a00000, 0x0000000705a00000| Untracked 
|  41|0x0000000705c00000, 0x0000000705c00000, 0x0000000705e00000|  0%| F|  |TAMS 0x0000000705c00000, 0x0000000705c00000| Untracked 
|  42|0x0000000705e00000, 0x0000000705e00000, 0x0000000706000000|  0%| F|  |TAMS 0x0000000705e00000, 0x0000000705e00000| Untracked 
|  43|0x0000000706000000, 0x0000000706000000, 0x0000000706200000|  0%| F|  |TAMS 0x0000000706000000, 0x0000000706000000| Untracked 
|  44|0x0000000706200000, 0x0000000706200000, 0x0000000706400000|  0%| F|  |TAMS 0x0000000706200000, 0x0000000706200000| Untracked 
|  45|0x0000000706400000, 0x0000000706400000, 0x0000000706600000|  0%| F|  |TAMS 0x0000000706400000, 0x0000000706400000| Untracked 
|  46|0x0000000706600000, 0x0000000706600000, 0x0000000706800000|  0%| F|  |TAMS 0x0000000706600000, 0x0000000706600000| Untracked 
|  47|0x0000000706800000, 0x0000000706800000, 0x0000000706a00000|  0%| F|  |TAMS 0x0000000706800000, 0x0000000706800000| Untracked 
|  48|0x0000000706a00000, 0x0000000706a00000, 0x0000000706c00000|  0%| F|  |TAMS 0x0000000706a00000, 0x0000000706a00000| Untracked 
|  49|0x0000000706c00000, 0x0000000706c00000, 0x0000000706e00000|  0%| F|  |TAMS 0x0000000706c00000, 0x0000000706c00000| Untracked 
|  50|0x0000000706e00000, 0x0000000706e00000, 0x0000000707000000|  0%| F|  |TAMS 0x0000000706e00000, 0x0000000706e00000| Untracked 
|  51|0x0000000707000000, 0x0000000707000000, 0x0000000707200000|  0%| F|  |TAMS 0x0000000707000000, 0x0000000707000000| Untracked 
|  52|0x0000000707200000, 0x0000000707200000, 0x0000000707400000|  0%| F|  |TAMS 0x0000000707200000, 0x0000000707200000| Untracked 
|  53|0x0000000707400000, 0x0000000707400000, 0x0000000707600000|  0%| F|  |TAMS 0x0000000707400000, 0x0000000707400000| Untracked 
|  54|0x0000000707600000, 0x0000000707600000, 0x0000000707800000|  0%| F|  |TAMS 0x0000000707600000, 0x0000000707600000| Untracked 
|  55|0x0000000707800000, 0x0000000707800000, 0x0000000707a00000|  0%| F|  |TAMS 0x0000000707800000, 0x0000000707800000| Untracked 
|  56|0x0000000707a00000, 0x0000000707a00000, 0x0000000707c00000|  0%| F|  |TAMS 0x0000000707a00000, 0x0000000707a00000| Untracked 
|  57|0x0000000707c00000, 0x0000000707c00000, 0x0000000707e00000|  0%| F|  |TAMS 0x0000000707c00000, 0x0000000707c00000| Untracked 
|  58|0x0000000707e00000, 0x0000000707e00000, 0x0000000708000000|  0%| F|  |TAMS 0x0000000707e00000, 0x0000000707e00000| Untracked 
|  59|0x0000000708000000, 0x0000000708000000, 0x0000000708200000|  0%| F|  |TAMS 0x0000000708000000, 0x0000000708000000| Untracked 
|  60|0x0000000708200000, 0x0000000708200000, 0x0000000708400000|  0%| F|  |TAMS 0x0000000708200000, 0x0000000708200000| Untracked 
|  61|0x0000000708400000, 0x0000000708400000, 0x0000000708600000|  0%| F|  |TAMS 0x0000000708400000, 0x0000000708400000| Untracked 
|  62|0x0000000708600000, 0x0000000708600000, 0x0000000708800000|  0%| F|  |TAMS 0x0000000708600000, 0x0000000708600000| Untracked 
|  63|0x0000000708800000, 0x0000000708800000, 0x0000000708a00000|  0%| F|  |TAMS 0x0000000708800000, 0x0000000708800000| Untracked 
|  64|0x0000000708a00000, 0x0000000708a00000, 0x0000000708c00000|  0%| F|  |TAMS 0x0000000708a00000, 0x0000000708a00000| Untracked 
|  65|0x0000000708c00000, 0x0000000708c00000, 0x0000000708e00000|  0%| F|  |TAMS 0x0000000708c00000, 0x0000000708c00000| Untracked 
|  66|0x0000000708e00000, 0x0000000708e00000, 0x0000000709000000|  0%| F|  |TAMS 0x0000000708e00000, 0x0000000708e00000| Untracked 
|  67|0x0000000709000000, 0x0000000709000000, 0x0000000709200000|  0%| F|  |TAMS 0x0000000709000000, 0x0000000709000000| Untracked 
|  68|0x0000000709200000, 0x0000000709200000, 0x0000000709400000|  0%| F|  |TAMS 0x0000000709200000, 0x0000000709200000| Untracked 
|  69|0x0000000709400000, 0x0000000709400000, 0x0000000709600000|  0%| F|  |TAMS 0x0000000709400000, 0x0000000709400000| Untracked 
|  70|0x0000000709600000, 0x0000000709600000, 0x0000000709800000|  0%| F|  |TAMS 0x0000000709600000, 0x0000000709600000| Untracked 
|  71|0x0000000709800000, 0x0000000709800000, 0x0000000709a00000|  0%| F|  |TAMS 0x0000000709800000, 0x0000000709800000| Untracked 
|  72|0x0000000709a00000, 0x0000000709a00000, 0x0000000709c00000|  0%| F|  |TAMS 0x0000000709a00000, 0x0000000709a00000| Untracked 
|  73|0x0000000709c00000, 0x0000000709c00000, 0x0000000709e00000|  0%| F|  |TAMS 0x0000000709c00000, 0x0000000709c00000| Untracked 
|  74|0x0000000709e00000, 0x0000000709e00000, 0x000000070a000000|  0%| F|  |TAMS 0x0000000709e00000, 0x0000000709e00000| Untracked 
|  75|0x000000070a000000, 0x000000070a000000, 0x000000070a200000|  0%| F|  |TAMS 0x000000070a000000, 0x000000070a000000| Untracked 
|  76|0x000000070a200000, 0x000000070a200000, 0x000000070a400000|  0%| F|  |TAMS 0x000000070a200000, 0x000000070a200000| Untracked 
|  77|0x000000070a400000, 0x000000070a400000, 0x000000070a600000|  0%| F|  |TAMS 0x000000070a400000, 0x000000070a400000| Untracked 
|  78|0x000000070a600000, 0x000000070a600000, 0x000000070a800000|  0%| F|  |TAMS 0x000000070a600000, 0x000000070a600000| Untracked 
|  79|0x000000070a800000, 0x000000070a800000, 0x000000070aa00000|  0%| F|  |TAMS 0x000000070a800000, 0x000000070a800000| Untracked 
|  80|0x000000070aa00000, 0x000000070aa00000, 0x000000070ac00000|  0%| F|  |TAMS 0x000000070aa00000, 0x000000070aa00000| Untracked 
|  81|0x000000070ac00000, 0x000000070ac00000, 0x000000070ae00000|  0%| F|  |TAMS 0x000000070ac00000, 0x000000070ac00000| Untracked 
|  82|0x000000070ae00000, 0x000000070ae00000, 0x000000070b000000|  0%| F|  |TAMS 0x000000070ae00000, 0x000000070ae00000| Untracked 
|  83|0x000000070b000000, 0x000000070b000000, 0x000000070b200000|  0%| F|  |TAMS 0x000000070b000000, 0x000000070b000000| Untracked 
|  84|0x000000070b200000, 0x000000070b200000, 0x000000070b400000|  0%| F|  |TAMS 0x000000070b200000, 0x000000070b200000| Untracked 
|  85|0x000000070b400000, 0x000000070b400000, 0x000000070b600000|  0%| F|  |TAMS 0x000000070b400000, 0x000000070b400000| Untracked 
|  86|0x000000070b600000, 0x000000070b600000, 0x000000070b800000|  0%| F|  |TAMS 0x000000070b600000, 0x000000070b600000| Untracked 
|  87|0x000000070b800000, 0x000000070b800000, 0x000000070ba00000|  0%| F|  |TAMS 0x000000070b800000, 0x000000070b800000| Untracked 
|  88|0x000000070ba00000, 0x000000070ba00000, 0x000000070bc00000|  0%| F|  |TAMS 0x000000070ba00000, 0x000000070ba00000| Untracked 
|  89|0x000000070bc00000, 0x000000070bc00000, 0x000000070be00000|  0%| F|  |TAMS 0x000000070bc00000, 0x000000070bc00000| Untracked 
|  90|0x000000070be00000, 0x000000070be00000, 0x000000070c000000|  0%| F|  |TAMS 0x000000070be00000, 0x000000070be00000| Untracked 
|  91|0x000000070c000000, 0x000000070c000000, 0x000000070c200000|  0%| F|  |TAMS 0x000000070c000000, 0x000000070c000000| Untracked 
|  92|0x000000070c200000, 0x000000070c200000, 0x000000070c400000|  0%| F|  |TAMS 0x000000070c200000, 0x000000070c200000| Untracked 
|  93|0x000000070c400000, 0x000000070c400000, 0x000000070c600000|  0%| F|  |TAMS 0x000000070c400000, 0x000000070c400000| Untracked 
|  94|0x000000070c600000, 0x000000070c600000, 0x000000070c800000|  0%| F|  |TAMS 0x000000070c600000, 0x000000070c600000| Untracked 
|  95|0x000000070c800000, 0x000000070c800000, 0x000000070ca00000|  0%| F|  |TAMS 0x000000070c800000, 0x000000070c800000| Untracked 
|  96|0x000000070ca00000, 0x000000070ca00000, 0x000000070cc00000|  0%| F|  |TAMS 0x000000070ca00000, 0x000000070ca00000| Untracked 
|  97|0x000000070cc00000, 0x000000070cc00000, 0x000000070ce00000|  0%| F|  |TAMS 0x000000070cc00000, 0x000000070cc00000| Untracked 
|  98|0x000000070ce00000, 0x000000070ce00000, 0x000000070d000000|  0%| F|  |TAMS 0x000000070ce00000, 0x000000070ce00000| Untracked 
|  99|0x000000070d000000, 0x000000070d000000, 0x000000070d200000|  0%| F|  |TAMS 0x000000070d000000, 0x000000070d000000| Untracked 
| 100|0x000000070d200000, 0x000000070d200000, 0x000000070d400000|  0%| F|  |TAMS 0x000000070d200000, 0x000000070d200000| Untracked 
| 101|0x000000070d400000, 0x000000070d400000, 0x000000070d600000|  0%| F|  |TAMS 0x000000070d400000, 0x000000070d400000| Untracked 
| 102|0x000000070d600000, 0x000000070d600000, 0x000000070d800000|  0%| F|  |TAMS 0x000000070d600000, 0x000000070d600000| Untracked 
| 103|0x000000070d800000, 0x000000070d800000, 0x000000070da00000|  0%| F|  |TAMS 0x000000070d800000, 0x000000070d800000| Untracked 
| 104|0x000000070da00000, 0x000000070da00000, 0x000000070dc00000|  0%| F|  |TAMS 0x000000070da00000, 0x000000070da00000| Untracked 
| 105|0x000000070dc00000, 0x000000070dc00000, 0x000000070de00000|  0%| F|  |TAMS 0x000000070dc00000, 0x000000070dc00000| Untracked 
| 106|0x000000070de00000, 0x000000070de00000, 0x000000070e000000|  0%| F|  |TAMS 0x000000070de00000, 0x000000070de00000| Untracked 
| 107|0x000000070e000000, 0x000000070e000000, 0x000000070e200000|  0%| F|  |TAMS 0x000000070e000000, 0x000000070e000000| Untracked 
| 108|0x000000070e200000, 0x000000070e200000, 0x000000070e400000|  0%| F|  |TAMS 0x000000070e200000, 0x000000070e200000| Untracked 
| 109|0x000000070e400000, 0x000000070e400000, 0x000000070e600000|  0%| F|  |TAMS 0x000000070e400000, 0x000000070e400000| Untracked 
| 110|0x000000070e600000, 0x000000070e600000, 0x000000070e800000|  0%| F|  |TAMS 0x000000070e600000, 0x000000070e600000| Untracked 
| 111|0x000000070e800000, 0x000000070e800000, 0x000000070ea00000|  0%| F|  |TAMS 0x000000070e800000, 0x000000070e800000| Untracked 
| 112|0x000000070ea00000, 0x000000070ea00000, 0x000000070ec00000|  0%| F|  |TAMS 0x000000070ea00000, 0x000000070ea00000| Untracked 
| 113|0x000000070ec00000, 0x000000070ec00000, 0x000000070ee00000|  0%| F|  |TAMS 0x000000070ec00000, 0x000000070ec00000| Untracked 
| 114|0x000000070ee00000, 0x000000070ee00000, 0x000000070f000000|  0%| F|  |TAMS 0x000000070ee00000, 0x000000070ee00000| Untracked 
| 115|0x000000070f000000, 0x000000070f000000, 0x000000070f200000|  0%| F|  |TAMS 0x000000070f000000, 0x000000070f000000| Untracked 
| 116|0x000000070f200000, 0x000000070f200000, 0x000000070f400000|  0%| F|  |TAMS 0x000000070f200000, 0x000000070f200000| Untracked 
| 117|0x000000070f400000, 0x000000070f400000, 0x000000070f600000|  0%| F|  |TAMS 0x000000070f400000, 0x000000070f400000| Untracked 
| 118|0x000000070f600000, 0x000000070f600000, 0x000000070f800000|  0%| F|  |TAMS 0x000000070f600000, 0x000000070f600000| Untracked 
| 119|0x000000070f800000, 0x000000070f800000, 0x000000070fa00000|  0%| F|  |TAMS 0x000000070f800000, 0x000000070f800000| Untracked 
| 120|0x000000070fa00000, 0x000000070fa00000, 0x000000070fc00000|  0%| F|  |TAMS 0x000000070fa00000, 0x000000070fa00000| Untracked 
| 121|0x000000070fc00000, 0x000000070fc00000, 0x000000070fe00000|  0%| F|  |TAMS 0x000000070fc00000, 0x000000070fc00000| Untracked 
| 122|0x000000070fe00000, 0x000000070fe00000, 0x0000000710000000|  0%| F|  |TAMS 0x000000070fe00000, 0x000000070fe00000| Untracked 
| 123|0x0000000710000000, 0x0000000710000000, 0x0000000710200000|  0%| F|  |TAMS 0x0000000710000000, 0x0000000710000000| Untracked 
| 124|0x0000000710200000, 0x0000000710200000, 0x0000000710400000|  0%| F|  |TAMS 0x0000000710200000, 0x0000000710200000| Untracked 
| 125|0x0000000710400000, 0x00000007105edf10, 0x0000000710600000| 96%| E|  |TAMS 0x0000000710400000, 0x0000000710400000| Complete 
| 126|0x0000000710600000, 0x0000000710800000, 0x0000000710800000|100%| E|CS|TAMS 0x0000000710600000, 0x0000000710600000| Complete 
| 127|0x0000000710800000, 0x0000000710a00000, 0x0000000710a00000|100%| E|CS|TAMS 0x0000000710800000, 0x0000000710800000| Complete 

Card table byte_map: [0x00000242643e0000,0x0000024264be0000] _byte_map_base: 0x0000024260bdb000

Marking Bits (Prev, Next): (CMBitMap*) 0x000002424d39b370, (CMBitMap*) 0x000002424d39b3b0
 Prev Bits: [0x00000242653e0000, 0x00000242693b8000)
 Next Bits: [0x00000242693c0000, 0x000002426d398000)

Polling page: 0x000002424b2e0000

Metaspace:

Usage:
  Non-class:      7.01 MB used.
      Class:    691.91 KB used.
       Both:      7.68 MB used.

Virtual space:
  Non-class space:       64.00 MB reserved,       7.06 MB ( 11%) committed,  1 nodes.
      Class space:        1.00 GB reserved,     768.00 KB ( <1%) committed,  1 nodes.
             Both:        1.06 GB reserved,       7.81 MB ( <1%) committed. 

Chunk freelists:
   Non-Class:  8.50 MB
       Class:  15.16 MB
        Both:  23.66 MB

MaxMetaspaceSize: unlimited
CompressedClassSpaceSize: 1.00 GB
Initial GC threshold: 21.00 MB
Current GC threshold: 21.00 MB
CDS: off
MetaspaceReclaimPolicy: balanced
 - commit_granule_bytes: 65536.
 - commit_granule_words: 8192.
 - virtual_space_node_default_size: 8388608.
 - enlarge_chunks_in_place: 1.
 - new_chunks_are_fully_committed: 0.
 - uncommit_free_chunks: 1.
 - use_allocation_guard: 0.
 - handle_deallocations: 1.


Internal statistics:

num_allocs_failed_limit: 0.
num_arena_births: 16.
num_arena_deaths: 0.
num_vsnodes_births: 2.
num_vsnodes_deaths: 0.
num_space_committed: 125.
num_space_uncommitted: 0.
num_chunks_returned_to_freelist: 0.
num_chunks_taken_from_freelist: 62.
num_chunk_merges: 0.
num_chunk_splits: 36.
num_chunks_enlarged: 34.
num_inconsistent_stats: 0.

CodeHeap 'non-profiled nmethods': size=120000Kb used=128Kb max_used=128Kb free=119872Kb
 bounds [0x000002425c6b0000, 0x000002425c920000, 0x0000024263be0000]
CodeHeap 'profiled nmethods': size=120000Kb used=642Kb max_used=642Kb free=119357Kb
 bounds [0x0000024254be0000, 0x0000024254e50000, 0x000002425c110000]
CodeHeap 'non-nmethods': size=5760Kb used=1119Kb max_used=1135Kb free=4640Kb
 bounds [0x000002425c110000, 0x000002425c380000, 0x000002425c6b0000]
 total_blobs=828 nmethods=427 adapters=314
 compilation: enabled
              stopped_count=0, restarted_count=0
 full_count=0

Compilation events (20 events):
Event: 0.430 Thread 0x00000242040c66b0 nmethod 413 0x000002425c6cdb10 code [0x000002425c6cdca0, 0x000002425c6cdd78]
Event: 0.431 Thread 0x00000242040c66b0  414       1       java.util.concurrent.ConcurrentHashMap$MapEntry::getValue (5 bytes)
Event: 0.431 Thread 0x00000242040c66b0 nmethod 414 0x000002425c6cde10 code [0x000002425c6cdfa0, 0x000002425c6ce078]
Event: 0.431 Thread 0x00000242040c66b0  415       3       java.security.AccessController::checkContext (49 bytes)
Event: 0.432 Thread 0x00000242040c66b0 nmethod 415 0x0000024254c7e010 code [0x0000024254c7e220, 0x0000024254c7e918]
Event: 0.433 Thread 0x00000242040adff0  417 %     4       java.lang.StringLatin1::replace @ 79 (198 bytes)
Event: 0.434 Thread 0x00000242040c66b0  418       3       java.security.AccessController::executePrivileged (65 bytes)
Event: 0.434 Thread 0x00000242040c66b0 nmethod 418 0x0000024254c7eb90 code [0x0000024254c7ed60, 0x0000024254c7f058]
Event: 0.436 Thread 0x00000242040c66b0  421       1       java.net.URLStreamHandler::getDefaultPort (2 bytes)
Event: 0.436 Thread 0x00000242040c66b0 nmethod 421 0x000002425c6ce510 code [0x000002425c6ce6a0, 0x000002425c6ce778]
Event: 0.436 Thread 0x00000242040c66b0  422   !   3       java.security.AccessController::doPrivileged (26 bytes)
Event: 0.437 Thread 0x00000242040c66b0 nmethod 422 0x0000024254c7f190 code [0x0000024254c7f3a0, 0x0000024254c7f888]
Event: 0.438 Thread 0x00000242040c66b0  424  s    3       java.lang.Throwable::fillInStackTrace (29 bytes)
Event: 0.438 Thread 0x00000242040c66b0 nmethod 424 0x0000024254c7fb10 code [0x0000024254c7fcc0, 0x0000024254c7ffc8]
Event: 0.438 Thread 0x00000242040c66b0  426       3       jdk.internal.org.objectweb.asm.SymbolTable$Entry::<init> (17 bytes)
Event: 0.438 Thread 0x00000242040c66b0 nmethod 426 0x0000024254c80090 code [0x0000024254c80240, 0x0000024254c803c8]
Event: 0.438 Thread 0x00000242040c66b0  427       3       jdk.internal.org.objectweb.asm.ByteVector::putShort (52 bytes)
Event: 0.438 Thread 0x00000242040adff0 nmethod 417% 0x000002425c6cef90 code [0x000002425c6cf120, 0x000002425c6cf4f8]
Event: 0.438 Thread 0x00000242040adff0  420       4       java.lang.String::startsWith (138 bytes)
Event: 0.438 Thread 0x00000242040c66b0 nmethod 427 0x0000024254c80490 code [0x0000024254c80640, 0x0000024254c80848]

GC Heap History (0 events):
No events

Deoptimization events (0 events):
No events

Classes unloaded (0 events):
No events

Classes redefined (0 events):
No events

Internal exceptions (14 events):
Event: 0.236 Thread 0x000002424d330e00 Exception <a 'sun/nio/fs/WindowsException'{0x000000071098d128}> (0x000000071098d128) 
thrown [s\open\src\hotspot\share\prims\jni.cpp, line 516]
Event: 0.237 Thread 0x000002424d330e00 Exception <a 'sun/nio/fs/WindowsException'{0x000000071098d860}> (0x000000071098d860) 
thrown [s\open\src\hotspot\share\prims\jni.cpp, line 516]
Event: 0.249 Thread 0x000002424d330e00 Exception <a 'sun/nio/fs/WindowsException'{0x00000007109b7d10}> (0x00000007109b7d10) 
thrown [s\open\src\hotspot\share\prims\jni.cpp, line 516]
Event: 0.284 Thread 0x000002424d330e00 Exception <a 'java/lang/NoSuchMethodError'{0x000000071063b8e0}: 'int java.lang.invoke.DirectMethodHandle$Holder.invokeSpecial(java.lang.Object, java.lang.Object, java.lang.Object)'> (0x000000071063b8e0) 
thrown [s\open\src\hotspot\share\interpreter\linkResolver.cpp, line 759]
Event: 0.363 Thread 0x000002424d330e00 Exception <a 'java/lang/NullPointerException'{0x000000071048abe8}> (0x000000071048abe8) 
thrown [s\open\src\hotspot\share\interpreter\linkResolver.cpp, line 1350]
Event: 0.402 Thread 0x000002424d330e00 Exception <a 'java/lang/NullPointerException'{0x00000007104f3200}> (0x00000007104f3200) 
thrown [s\open\src\hotspot\share\interpreter\linkResolver.cpp, line 1350]
Event: 0.402 Thread 0x000002424d330e00 Exception <a 'java/lang/NullPointerException'{0x00000007104f34d8}> (0x00000007104f34d8) 
thrown [s\open\src\hotspot\share\interpreter\linkResolver.cpp, line 1350]
Event: 0.402 Thread 0x000002424d330e00 Exception <a 'java/lang/NullPointerException'{0x00000007104f37b0}> (0x00000007104f37b0) 
thrown [s\open\src\hotspot\share\interpreter\linkResolver.cpp, line 1350]
Event: 0.403 Thread 0x000002424d330e00 Exception <a 'java/lang/NullPointerException'{0x00000007104f9dd0}> (0x00000007104f9dd0) 
thrown [s\open\src\hotspot\share\interpreter\linkResolver.cpp, line 1350]
Event: 0.406 Thread 0x000002424d330e00 Exception <a 'java/lang/NullPointerException'{0x000000071050fca0}> (0x000000071050fca0) 
thrown [s\open\src\hotspot\share\interpreter\linkResolver.cpp, line 1350]
Event: 0.406 Thread 0x000002424d330e00 Exception <a 'java/lang/NullPointerException'{0x000000071050ff78}> (0x000000071050ff78) 
thrown [s\open\src\hotspot\share\interpreter\linkResolver.cpp, line 1350]
Event: 0.406 Thread 0x000002424d330e00 Exception <a 'java/lang/NullPointerException'{0x0000000710510250}> (0x0000000710510250) 
thrown [s\open\src\hotspot\share\interpreter\linkResolver.cpp, line 1350]
Event: 0.406 Thread 0x000002424d330e00 Exception <a 'java/lang/NullPointerException'{0x0000000710510528}> (0x0000000710510528) 
thrown [s\open\src\hotspot\share\interpreter\linkResolver.cpp, line 1350]
Event: 0.438 Thread 0x000002424d330e00 Exception <a 'java/lang/NoSuchMethodError'{0x00000007105c3960}: 'void java.lang.invoke.DirectMethodHandle$Holder.invokeStatic(java.lang.Object, java.lang.Object, java.lang.Object)'> (0x00000007105c3960) 
thrown [s\open\src\hotspot\share\interpreter\linkResolver.cpp, line 759]

VM Operations (2 events):
Event: 0.172 Executing VM operation: HandshakeAllThreads
Event: 0.172 Executing VM operation: HandshakeAllThreads done

Events (20 events):
Event: 0.427 loading class java/util/AbstractList$Itr done
Event: 0.427 loading class java/util/AbstractList$ListItr done
Event: 0.427 loading class java/util/LinkedList$Node
Event: 0.427 loading class java/util/LinkedList$Node done
Event: 0.428 loading class java/util/Collections$UnmodifiableMap$UnmodifiableEntrySet
Event: 0.429 loading class java/util/Collections$UnmodifiableMap$UnmodifiableEntrySet done
Event: 0.429 loading class java/util/Collections$UnmodifiableMap$UnmodifiableEntrySet$1
Event: 0.429 loading class java/util/Collections$UnmodifiableMap$UnmodifiableEntrySet$1 done
Event: 0.429 loading class java/util/Collections$UnmodifiableMap$UnmodifiableEntrySet$UnmodifiableEntry
Event: 0.429 loading class java/util/Collections$UnmodifiableMap$UnmodifiableEntrySet$UnmodifiableEntry done
Event: 0.429 loading class java/util/Properties$EntrySet
Event: 0.429 loading class java/util/Properties$EntrySet done
Event: 0.429 loading class java/util/Collections$SynchronizedSet
Event: 0.429 loading class java/util/Collections$SynchronizedCollection
Event: 0.429 loading class java/util/Collections$SynchronizedCollection done
Event: 0.429 loading class java/util/Collections$SynchronizedSet done
Event: 0.437 loading class java/util/Stack
Event: 0.437 loading class java/util/Stack done
Event: 0.437 loading class java/util/function/BiConsumer
Event: 0.437 loading class java/util/function/BiConsumer done


Dynamic libraries:
0x00007ff750e20000 - 0x00007ff750e30000 	C:\Program Files\Java\jdk-17\bin\java.exe
0x00007fff3f570000 - 0x00007fff3f768000 	C:\WINDOWS\SYSTEM32\ntdll.dll
0x00007fff3d980000 - 0x00007fff3da3d000 	C:\WINDOWS\System32\KERNEL32.DLL
0x00007fff3d0e0000 - 0x00007fff3d3d6000 	C:\WINDOWS\System32\KERNELBASE.dll
0x00007fff3cc80000 - 0x00007fff3cd80000 	C:\WINDOWS\System32\ucrtbase.dll
0x00007fff2fbf0000 - 0x00007fff2fc09000 	C:\Program Files\Java\jdk-17\bin\jli.dll
0x00007fff37860000 - 0x00007fff3787b000 	C:\Program Files\Java\jdk-17\bin\VCRUNTIME140.dll
0x00007fff3ec50000 - 0x00007fff3ecff000 	C:\WINDOWS\System32\ADVAPI32.dll
0x00007fff3e0b0000 - 0x00007fff3e14e000 	C:\WINDOWS\System32\msvcrt.dll
0x00007fff3e580000 - 0x00007fff3e61c000 	C:\WINDOWS\System32\sechost.dll
0x00007fff3d7f0000 - 0x00007fff3d916000 	C:\WINDOWS\System32\RPCRT4.dll
0x00007fff3dd40000 - 0x00007fff3dede000 	C:\WINDOWS\System32\USER32.dll
0x00007fff2aa80000 - 0x00007fff2ad1a000 	C:\WINDOWS\WinSxS\amd64_microsoft.windows.common-controls_6595b64144ccf1df_6.0.19041.3636_none_60b6a03d71f818d5\COMCTL32.dll
0x00007fff3cc50000 - 0x00007fff3cc72000 	C:\WINDOWS\System32\win32u.dll
0x00007fff3d950000 - 0x00007fff3d97c000 	C:\WINDOWS\System32\GDI32.dll
0x00007fff3d4b0000 - 0x00007fff3d5ca000 	C:\WINDOWS\System32\gdi32full.dll
0x00007fff3d3e0000 - 0x00007fff3d47d000 	C:\WINDOWS\System32\msvcp_win.dll
0x00007fff344f0000 - 0x00007fff344fa000 	C:\WINDOWS\SYSTEM32\VERSION.dll
0x00007fff3d920000 - 0x00007fff3d950000 	C:\WINDOWS\System32\IMM32.DLL
0x00007fff386c0000 - 0x00007fff386cc000 	C:\Program Files\Java\jdk-17\bin\vcruntime140_1.dll
0x00007ffefcc90000 - 0x00007ffefcd1e000 	C:\Program Files\Java\jdk-17\bin\msvcp140.dll
0x00007ffee55b0000 - 0x00007ffee6191000 	C:\Program Files\Java\jdk-17\bin\server\jvm.dll
0x00007fff3d650000 - 0x00007fff3d658000 	C:\WINDOWS\System32\PSAPI.DLL
0x00007fff1ab00000 - 0x00007fff1ab09000 	C:\WINDOWS\SYSTEM32\WSOCK32.dll
0x00007fff29e60000 - 0x00007fff29e87000 	C:\WINDOWS\SYSTEM32\WINMM.dll
0x00007fff3e150000 - 0x00007fff3e1bb000 	C:\WINDOWS\System32\WS2_32.dll
0x00007fff3aad0000 - 0x00007fff3aae2000 	C:\WINDOWS\SYSTEM32\kernel.appcore.dll
0x00007fff37d60000 - 0x00007fff37d6a000 	C:\Program Files\Java\jdk-17\bin\jimage.dll
0x00007fff347b0000 - 0x00007fff34994000 	C:\WINDOWS\SYSTEM32\DBGHELP.DLL
0x00007fff30510000 - 0x00007fff30544000 	C:\WINDOWS\SYSTEM32\dbgcore.DLL
0x00007fff3cd80000 - 0x00007fff3ce02000 	C:\WINDOWS\System32\bcryptPrimitives.dll
0x00007fff21030000 - 0x00007fff21055000 	C:\Program Files\Java\jdk-17\bin\java.dll
0x00007ffef96e0000 - 0x00007ffef97b7000 	C:\Program Files\Java\jdk-17\bin\jsvml.dll
0x00007fff3ed00000 - 0x00007fff3f445000 	C:\WINDOWS\System32\SHELL32.dll
0x00007fff3acd0000 - 0x00007fff3b46b000 	C:\WINDOWS\SYSTEM32\windows.storage.dll
0x00007fff3e1c0000 - 0x00007fff3e514000 	C:\WINDOWS\System32\combase.dll
0x00007fff3c5b0000 - 0x00007fff3c5dd000 	C:\WINDOWS\SYSTEM32\Wldp.dll
0x00007fff3e000000 - 0x00007fff3e0ad000 	C:\WINDOWS\System32\SHCORE.dll
0x00007fff3e520000 - 0x00007fff3e575000 	C:\WINDOWS\System32\shlwapi.dll
0x00007fff3cb80000 - 0x00007fff3cba5000 	C:\WINDOWS\SYSTEM32\profapi.dll
0x00007fff2fbd0000 - 0x00007fff2fbe9000 	C:\Program Files\Java\jdk-17\bin\net.dll
0x00007fff30730000 - 0x00007fff3083a000 	C:\WINDOWS\SYSTEM32\WINHTTP.dll
0x00007fff3c320000 - 0x00007fff3c38a000 	C:\WINDOWS\system32\mswsock.dll
0x00007fff21010000 - 0x00007fff21026000 	C:\Program Files\Java\jdk-17\bin\nio.dll
0x00007fff20ff0000 - 0x00007fff21008000 	C:\Program Files\Java\jdk-17\bin\zip.dll
0x0000000069ac0000 - 0x0000000069ae4000 	C:\Users\sarap\AppData\Local\Temp\jansi-2.4.0-eac1e5be6c24da7f-jansi.dll
0x00007fff37850000 - 0x00007fff37860000 	C:\Program Files\Java\jdk-17\bin\verify.dll

dbghelp: loaded successfully - version: 4.0.5 - missing functions: none
symbol engine: initialized successfully - sym options: 0x614 - pdb path: .;C:\Program Files\Java\jdk-17\bin;C:\WINDOWS\SYSTEM32;C:\WINDOWS\WinSxS\amd64_microsoft.windows.common-controls_6595b64144ccf1df_6.0.19041.3636_none_60b6a03d71f818d5;C:\Program Files\Java\jdk-17\bin\server;C:\Users\sarap\AppData\Local\Temp

VM Arguments:
jvm_args: -Dmaven.multiModuleProjectDirectory=C:\Users\sarap\Desktop\api-rest 
java_command: org.apache.maven.wrapper.MavenWrapperMain clean package -DskipTests
java_class_path (initial): C:\Users\sarap\Desktop\api-rest\.mvn\wrapper\maven-wrapper.jar
Launcher Type: SUN_STANDARD

[Global flags]
     intx CICompilerCount                          = 3                                         {product} {ergonomic}
     uint ConcGCThreads                            = 1                                         {product} {ergonomic}
     uint G1ConcRefinementThreads                  = 4                                         {product} {ergonomic}
   size_t G1HeapRegionSize                         = 2097152                                   {product} {ergonomic}
    uintx GCDrainStackTargetSize                   = 64                                        {product} {ergonomic}
   size_t InitialHeapSize                          = 268435456                                 {product} {ergonomic}
   size_t MarkStackSize                            = 4194304                                   {product} {ergonomic}
   size_t MaxHeapSize                              = 4284481536                                {product} {ergonomic}
   size_t MaxNewSize                               = 2569011200                                {product} {ergonomic}
   size_t MinHeapDeltaBytes                        = 2097152                                   {product} {ergonomic}
   size_t MinHeapSize                              = 8388608                                   {product} {ergonomic}
    uintx NonNMethodCodeHeapSize                   = 5832780                                {pd product} {ergonomic}
    uintx NonProfiledCodeHeapSize                  = 122912730                              {pd product} {ergonomic}
    uintx ProfiledCodeHeapSize                     = 122912730                              {pd product} {ergonomic}
    uintx ReservedCodeCacheSize                    = 251658240                              {pd product} {ergonomic}
     bool SegmentedCodeCache                       = true                                      {product} {ergonomic}
   size_t SoftMaxHeapSize                          = 4284481536                             {manageable} {ergonomic}
     bool UseCompressedClassPointers               = true                           {product lp64_product} {ergonomic}
     bool UseCompressedOops                        = true                           {product lp64_product} {ergonomic}
     bool UseG1GC                                  = true                                      {product} {ergonomic}
     bool UseLargePagesIndividualAllocation        = false                                  {pd product} {ergonomic}

Logging:
Log output configuration:
 #0: stdout all=warning uptime,level,tags
 #1: stderr all=off uptime,level,tags

Environment Variables:
JAVA_HOME=C:\Program Files\Java\jdk-17
PATH=C:\Program Files\Common Files\Oracle\Java\javapath;C:\Program Files\Eclipse Adoptium\jdk-17.0.8.101-hotspot\bin;C:\Program Files\Eclipse Adoptium\jdk-20.0.2.9-hotspot\bin;C:\Program Files (x86)\Common Files\Oracle\Java\javapath;C:\WINDOWS\system32;C:\WINDOWS;C:\WINDOWS\System32\Wbem;C:\WINDOWS\System32\WindowsPowerShell\v1.0\;C:\WINDOWS\System32\OpenSSH\;C:\Program Files (x86)\dotnet\;C:\Program Files\NVIDIA Corporation\NVIDIA NvDLISR;C:\WINDOWS\system32;C:\WINDOWS;C:\WINDOWS\System32\Wbem;C:\WINDOWS\System32\WindowsPowerShell\v1.0\;C:\WINDOWS\System32\OpenSSH\;C:\Program Files (x86)\NVIDIA Corporation\PhysX\Common;C:\Program Files\dotnet\;C:\MinGW\bin;D:\apache-maven-3.8.8-bin\apache-maven-3.8.8\bin;C:\Program Files\nodejs\;C:\Program Files\Git\cmd;C:\Program Files\Docker\Docker\resources\bin;C:\Users\sarap\AppData\Roaming\local\bin;C:\Users\sarap\AppData\Local\Microsoft\WindowsApps;C:\Users\sarap\.dotnet\tools;C:\Users\sarap\AppData\Local\spicetify;C:\Users\sarap\AppData\Local\Programs\Microsoft VS Code\bin;C:\GnuWin32\bin;C:\ghcup\bin;C:\Program Files\Eclipse Adoptium\jdk-17.0.8.101-hotspot\bin;C:\Program Files\JetBrains\IntelliJ IDEA 2023.2.1\bin;;C:\flutter\bin;C:\Users\sarap\AppData\Roaming\npm
USERNAME=Lucas Sarappa
OS=Windows_NT
PROCESSOR_IDENTIFIER=Intel64 Family 6 Model 94 Stepping 3, GenuineIntel



---------------  S Y S T E M  ---------------

OS:
 Windows 10 , 64 bit Build 19041 (10.0.19041.3636)
OS uptime: 0 days 6:07 hours
Hyper-V role detected

CPU: total 4 (initial active 4) (4 cores per cpu, 1 threads per core) family 6 model 94 stepping 3 microcode 0xcc, cx8, cmov, fxsr, mmx, 3dnowpref, sse, sse2, sse3, ssse3, sse4.1, sse4.2, popcnt, lzcnt, tsc, tscinvbit, avx, avx2, aes, erms, clmul, bmi1, bmi2, adx, fma, vzeroupper, clflush, clflushopt, hv

Memory: 4k page, system-wide physical 16336M (3789M free)
TotalPageFile size 19336M (AvailPageFile size 4M)
current process WorkingSet (physical memory assigned to process): 41M, peak: 41M
current process commit charge ("private bytes"): 336M, peak: 336M

vm_info: Java HotSpot(TM) 64-Bit Server VM (17.0.9+11-LTS-201) for windows-amd64 JRE (17.0.9+11-LTS-201), built on Oct 10 2023 23:16:06 by "mach5one" with MS VC++ 17.1 (VS2022)

END.
